# JRE version: OpenJDK Runtime Environment (8.0_152-b08) (build 1.8.0_152-release-915-b08)
# Java VM: OpenJDK 64-Bit Server VM (25.152-b08 mixed mode bsd-amd64 compressed oops)
Heap:
 PSYoungGen      total 343040K, used 330505K [0x00000007a0000000, 0x00000007b8880000, 0x00000007c0000000)
  eden space 328192K, 96% used [0x00000007a0000000,0x00000007b344d6e0,0x00000007b4080000)
  from space 14848K, 99% used [0x00000007b6a80000,0x00000007b78f4f88,0x00000007b7900000)
  to   space 15872K, 0% used [0x00000007b7900000,0x00000007b7900000,0x00000007b8880000)
 ParOldGen       total 126976K, used 57316K [0x0000000760000000, 0x0000000767c00000, 0x00000007a0000000)
  object space 126976K, 45% used [0x0000000760000000,0x00000007637f9288,0x0000000767c00000)
 Metaspace       used 80387K, capacity 86384K, committed 86616K, reserved 1124352K
  class space    used 10065K, capacity 11353K, committed 11392K, reserved 1048576K
GC Heap History (10 events):
Event: 2541.077 GC heap before
{Heap before GC invocations=22 (full 3):
 PSYoungGen      total 412160K, used 411722K [0x00000007a0000000, 0x00000007bbd00000, 0x00000007c0000000)
  eden space 401920K, 100% used [0x00000007a0000000,0x00000007b8880000,0x00000007b8880000)
  from space 10240K, 95% used [0x00000007bb300000,0x00000007bbc92800,0x00000007bbd00000)
  to   space 25600K, 0% used [0x00000007b8b00000,0x00000007b8b00000,0x00000007ba400000)
 ParOldGen       total 126976K, used 57276K [0x0000000760000000, 0x0000000767c00000, 0x00000007a0000000)
  object space 126976K, 45% used [0x0000000760000000,0x00000007637ef288,0x0000000767c00000)
 Metaspace       used 77761K, capacity 81700K, committed 81752K, reserved 1120256K
  class space    used 9747K, capacity 10579K, committed 10624K, reserved 1048576K
Event: 2541.209 GC heap after
Heap after GC invocations=22 (full 3):
 PSYoungGen      total 397824K, used 11819K [0x00000007a0000000, 0x00000007bb380000, 0x00000007c0000000)
  eden space 385536K, 0% used [0x00000007a0000000,0x00000007a0000000,0x00000007b7880000)
  from space 12288K, 96% used [0x00000007b8b00000,0x00000007b968ae28,0x00000007b9700000)
  to   space 24576K, 0% used [0x00000007b9b80000,0x00000007b9b80000,0x00000007bb380000)
 ParOldGen       total 126976K, used 57284K [0x0000000760000000, 0x0000000767c00000, 0x00000007a0000000)
  object space 126976K, 45% used [0x0000000760000000,0x00000007637f1288,0x0000000767c00000)
 Metaspace       used 77761K, capacity 81700K, committed 81752K, reserved 1120256K
  class space    used 9747K, capacity 10579K, committed 10624K, reserved 1048576K
}
Event: 3518.072 GC heap before
{Heap before GC invocations=23 (full 3):
 PSYoungGen      total 397824K, used 397355K [0x00000007a0000000, 0x00000007bb380000, 0x00000007c0000000)
  eden space 385536K, 100% used [0x00000007a0000000,0x00000007b7880000,0x00000007b7880000)
  from space 12288K, 96% used [0x00000007b8b00000,0x00000007b968ae28,0x00000007b9700000)
  to   space 24576K, 0% used [0x00000007b9b80000,0x00000007b9b80000,0x00000007bb380000)
 ParOldGen       total 126976K, used 57284K [0x0000000760000000, 0x0000000767c00000, 0x00000007a0000000)
  object space 126976K, 45% used [0x0000000760000000,0x00000007637f1288,0x0000000767c00000)
 Metaspace       used 78818K, capacity 83718K, committed 83928K, reserved 1122304K
  class space    used 9896K, capacity 10910K, committed 11008K, reserved 1048576K
Event: 3518.240 GC heap after
Heap after GC invocations=23 (full 3):
 PSYoungGen      total 386048K, used 15397K [0x00000007a0000000, 0x00000007bab00000, 0x00000007c0000000)
  eden space 370176K, 0% used [0x00000007a0000000,0x00000007a0000000,0x00000007b6980000)
  from space 15872K, 97% used [0x00000007b9b80000,0x00000007baa89708,0x00000007bab00000)
  to   space 24576K, 0% used [0x00000007b7b00000,0x00000007b7b00000,0x00000007b9300000)
 ParOldGen       total 126976K, used 57292K [0x0000000760000000, 0x0000000767c00000, 0x00000007a0000000)
  object space 126976K, 45% used [0x0000000760000000,0x00000007637f3288,0x0000000767c00000)
 Metaspace       used 78818K, capacity 83718K, committed 83928K, reserved 1122304K
  class space    used 9896K, capacity 10910K, committed 11008K, reserved 1048576K
}
Event: 4197.228 GC heap before
{Heap before GC invocations=24 (full 3):
 PSYoungGen      total 386048K, used 385573K [0x00000007a0000000, 0x00000007bab00000, 0x00000007c0000000)
  eden space 370176K, 100% used [0x00000007a0000000,0x00000007b6980000,0x00000007b6980000)
  from space 15872K, 97% used [0x00000007b9b80000,0x00000007baa89708,0x00000007bab00000)
  to   space 24576K, 0% used [0x00000007b7b00000,0x00000007b7b00000,0x00000007b9300000)
 ParOldGen       total 126976K, used 57292K [0x0000000760000000, 0x0000000767c00000, 0x00000007a0000000)
  object space 126976K, 45% used [0x0000000760000000,0x00000007637f3288,0x0000000767c00000)
 Metaspace       used 79112K, capacity 84110K, committed 84184K, reserved 1122304K
  class space    used 9910K, capacity 10952K, committed 11008K, reserved 1048576K
Event: 4197.451 GC heap after
Heap after GC invocations=24 (full 3):
 PSYoungGen      total 368640K, used 13099K [0x00000007a0000000, 0x00000007b9c00000, 0x00000007c0000000)
  eden space 355328K, 0% used [0x00000007a0000000,0x00000007a0000000,0x00000007b5b00000)
  from space 13312K, 98% used [0x00000007b7b00000,0x00000007b87cadd0,0x00000007b8800000)
  to   space 20480K, 0% used [0x00000007b8800000,0x00000007b8800000,0x00000007b9c00000)
 ParOldGen       total 126976K, used 57300K [0x0000000760000000, 0x0000000767c00000, 0x00000007a0000000)
  object space 126976K, 45% used [0x0000000760000000,0x00000007637f5288,0x0000000767c00000)
 Metaspace       used 79112K, capacity 84110K, committed 84184K, reserved 1122304K
  class space    used 9910K, capacity 10952K, committed 11008K, reserved 1048576K
}
Event: 4445.519 GC heap before
{Heap before GC invocations=25 (full 3):
 PSYoungGen      total 368640K, used 368427K [0x00000007a0000000, 0x00000007b9c00000, 0x00000007c0000000)
  eden space 355328K, 100% used [0x00000007a0000000,0x00000007b5b00000,0x00000007b5b00000)
  from space 13312K, 98% used [0x00000007b7b00000,0x00000007b87cadd0,0x00000007b8800000)
  to   space 20480K, 0% used [0x00000007b8800000,0x00000007b8800000,0x00000007b9c00000)
 ParOldGen       total 126976K, used 57300K [0x0000000760000000, 0x0000000767c00000, 0x00000007a0000000)
  object space 126976K, 45% used [0x0000000760000000,0x00000007637f5288,0x0000000767c00000)
 Metaspace       used 79499K, capacity 84618K, committed 84824K, reserved 1122304K
  class space    used 9933K, capacity 11034K, committed 11136K, reserved 1048576K
Event: 4445.724 GC heap after
Heap after GC invocations=25 (full 3):
 PSYoungGen      total 361472K, used 19922K [0x00000007a0000000, 0x00000007b9b80000, 0x00000007c0000000)
  eden space 341504K, 0% used [0x00000007a0000000,0x00000007a0000000,0x00000007b4d80000)
  from space 19968K, 99% used [0x00000007b8800000,0x00000007b9b74b60,0x00000007b9b80000)
  to   space 25088K, 0% used [0x00000007b6a80000,0x00000007b6a80000,0x00000007b8300000)
 ParOldGen       total 126976K, used 57308K [0x0000000760000000, 0x0000000767c00000, 0x00000007a0000000)
  object space 126976K, 45% used [0x0000000760000000,0x00000007637f7288,0x0000000767c00000)
 Metaspace       used 79499K, capacity 84618K, committed 84824K, reserved 1122304K
  class space    used 9933K, capacity 11034K, committed 11136K, reserved 1048576K
}
Event: 5339.263 GC heap before
{Heap before GC invocations=26 (full 3):
 PSYoungGen      total 361472K, used 361426K [0x00000007a0000000, 0x00000007b9b80000, 0x00000007c0000000)
  eden space 341504K, 100% used [0x00000007a0000000,0x00000007b4d80000,0x00000007b4d80000)
  from space 19968K, 99% used [0x00000007b8800000,0x00000007b9b74b60,0x00000007b9b80000)
  to   space 25088K, 0% used [0x00000007b6a80000,0x00000007b6a80000,0x00000007b8300000)
 ParOldGen       total 126976K, used 57308K [0x0000000760000000, 0x0000000767c00000, 0x00000007a0000000)
  object space 126976K, 45% used [0x0000000760000000,0x00000007637f7288,0x0000000767c00000)
 Metaspace       used 79691K, capacity 84990K, committed 85080K, reserved 1124352K
  class space    used 9956K, capacity 11114K, committed 11136K, reserved 1048576K
Event: 5339.514 GC heap after
Heap after GC invocations=26 (full 3):
 PSYoungGen      total 343040K, used 14803K [0x00000007a0000000, 0x00000007b8880000, 0x00000007c0000000)
  eden space 328192K, 0% used [0x00000007a0000000,0x00000007a0000000,0x00000007b4080000)
  from space 14848K, 99% used [0x00000007b6a80000,0x00000007b78f4f88,0x00000007b7900000)
  to   space 15872K, 0% used [0x00000007b7900000,0x00000007b7900000,0x00000007b8880000)
 ParOldGen       total 126976K, used 57316K [0x0000000760000000, 0x0000000767c00000, 0x00000007a0000000)
  object space 126976K, 45% used [0x0000000760000000,0x00000007637f9288,0x0000000767c00000)
 Metaspace       used 79691K, capacity 84990K, committed 85080K, reserved 1124352K
  class space    used 9956K, capacity 11114K, committed 11136K, reserved 1048576K
}

